IQ-TREE multicore version 2.0.3 for Linux 64-bit built Apr 26 2020
Developed by Bui Quang Minh, Nguyen Lam Tung, Olga Chernomor,
Heiko Schmidt, Dominik Schrempf, Michael Woodhams.

Host:    jupiter7.eng.uts.edu.au (AVX512, FMA3, 754 GB RAM)
Command: iqtree -s ../Roary.out/core_gene_alignment.aln -m MFP -bb 1000 -nt AUTO
Seed:    909090 (Using SPRNG - Scalable Parallel Random Number Generator)
Time:    Fri Sep 18 10:41:50 2020
Kernel:  AVX+FMA - auto-detect threads (40 CPU cores detected)

Reading alignment file ../Roary.out/core_gene_alignment.aln ... Fasta format detected
Alignment most likely contains DNA/RNA sequences
WARNING: 53 sites contain only gaps or ambiguous characters.
Alignment has 48 sequences with 3991316 columns, 1620 distinct patterns
3314 parsimony-informative, 1467 singleton sites, 3986535 constant sites
                 Gap/Ambiguity  Composition  p-value
   1  AVC171             0.22%    passed     98.57%
   2  ESC_BA8511AA_AS    0.34%    passed     99.84%
   3  ESC_GA5350AA_AS    0.53%    passed     99.79%
   4  ESC_GB6943AA_AS    0.34%    passed     99.86%
   5  ESC_HA6332AA_AS    0.33%    passed     99.90%
   6  ESC_HA6342AA_AS    0.37%    passed     99.95%
   7  ESC_HA6411AA_AS    0.35%    passed     99.76%
   8  ESC_HA6413AA_AS    0.38%    passed     99.95%
   9  ESC_HA6418AA_AS    0.46%    passed     99.99%
  10  ESC_HA6420AA_AS    0.29%    passed     99.84%
  11  ESC_HB8007AA_AS    0.50%    passed     99.74%
  12  ESC_IA0811AA_AS    0.46%    passed     99.74%
  13  ESC_NA3971AA_AS    0.40%    passed     99.89%
  14  ESC_NA3973AA_AS    0.32%    passed     99.91%
  15  ESC_NA3974AA_AS    0.35%    passed     99.84%
  16  ESC_NA3975AA_AS    0.77%    passed     98.17%
  17  ESC_NA3980AA_AS    0.29%    passed     99.60%
  18  ESC_NA3982AA_AS    0.30%    passed     99.95%
  19  ESC_NA3992AA_AS    0.31%    passed     99.64%
  20  ESC_NA3999AA_AS    0.59%    passed     99.76%
  21  ESC_NA4000AA_AS    0.48%    passed     98.91%
  22  ESC_NA4003AA_AS    0.34%    passed     99.25%
  23  ESC_NA4004AA_AS    0.41%    passed     99.99%
  24  ESC_NA4005AA_AS    0.46%    passed     99.05%
  25  ESC_NA4035AA_AS    0.33%    passed     99.90%
  26  ESC_NA4045AA_AS    0.34%    passed     99.63%
  27  ESC_NA4046AA_AS    0.40%    passed     99.50%
  28  ESC_NA4048AA_AS    0.40%    passed     99.94%
  29  ESC_NA4052AA_AS    0.33%    passed     99.86%
  30  ESC_NA4053AA_AS    0.49%    passed     99.94%
  31  ESC_NA4055AA_AS    0.37%    passed     99.99%
  32  ESC_NA4056AA_AS    0.37%    passed     99.93%
  33  ESC_NA4061AA_AS    0.41%    passed     99.95%
  34  ESC_NA4063AA_AS    0.38%    passed     99.97%
  35  ESC_NA4064AA_AS    0.46%    passed     99.95%
  36  ESC_NA4066AA_AS    0.33%    passed     99.64%
  37  ESC_NA4067AA_AS    0.33%    passed     99.77%
  38  ESC_NA4068AA_AS    0.32%    passed     99.80%
  39  ESC_NA4069AA_AS    0.38%    passed     99.98%
  40  ESC_NA4070AA_AS    0.60%    passed     99.71%
  41  ESC_NA4071AA_AS    0.32%    passed     99.74%
  42  ESC_NA4072AA_AS    0.37%    passed     99.75%
  43  ESC_SA8250AA_AS    0.42%    passed     99.32%
  44  ESC_SA8273AA_AS    0.37%    passed     99.49%
  45  ESC_SA8291AA_AS    0.37%    passed     99.89%
  46  ESC_SA8296AA_AS    0.36%    passed     99.91%
  47  ESC_SA8312AA_AS    0.33%    passed     99.88%
  48  ESC_VA0598AA_AS    0.39%    passed     99.91%
****  TOTAL              0.39%  0 sequences failed composition chi2 test (p-value<5%; df=3)
NOTE: minimal branch length is reduced to 0.000000025054 for long alignment

NOTE: Restoring information from model checkpoint file ../Roary.out/core_gene_alignment.aln.model.gz

CHECKPOINT: Initial tree restored
Measuring multi-threading efficiency up to 40 CPU cores
Increase to 10 rounds for branch lengths
442 trees examined
Threads: 1 / Time: 40.065 sec / Speedup: 1.000 / Efficiency: 100% / LogL: -5652906
Threads: 2 / Time: 26.866 sec / Speedup: 1.491 / Efficiency: 75% / LogL: -5652906
Threads: 3 / Time: 22.725 sec / Speedup: 1.763 / Efficiency: 59% / LogL: -5652906
Threads: 4 / Time: 13.035 sec / Speedup: 3.074 / Efficiency: 77% / LogL: -5652906
Threads: 5 / Time: 19.690 sec / Speedup: 2.035 / Efficiency: 41% / LogL: -5652906
BEST NUMBER OF THREADS: 4

Perform fast likelihood tree search using GTR+I+G model...
Estimate model parameters (epsilon = 5.000)
Perform nearest neighbor interchange...
Estimate model parameters (epsilon = 1.000)
1. Initial log-likelihood: -5586555.857
2. Current log-likelihood: -5586550.028
3. Current log-likelihood: -5586546.861
4. Current log-likelihood: -5586540.123
5. Current log-likelihood: -5586537.755
6. Current log-likelihood: -5586534.278
7. Current log-likelihood: -5586532.176
8. Current log-likelihood: -5586528.837
9. Current log-likelihood: -5586526.874
10. Current log-likelihood: -5586524.104
11. Current log-likelihood: -5586522.294
12. Current log-likelihood: -5586519.888
13. Current log-likelihood: -5586518.242
14. Current log-likelihood: -5586516.196
Optimal log-likelihood: -5586515.227
Rate parameters:  A-C: 1.79156  A-G: 5.48733  A-T: 1.52097  C-G: 1.49028  C-T: 8.36208  G-T: 1.00000
Base frequencies:  A: 0.240  C: 0.246  G: 0.274  T: 0.240
Proportion of invariable sites: 0.501
Gamma shape alpha: 0.020
Parameters optimization took 14 rounds (0.473 sec)
Time for fast ML tree search: 0.857 seconds

NOTE: ModelFinder requires 31 MB RAM!
ModelFinder will test up to 286 DNA models (sample size: 3991316) ...
 No. Model         -LnL         df  AIC          AICc         BIC
  1  GTR+F         5588105.213  101 11176412.426 11176412.432 11177745.589
  2  GTR+F+I       5584219.344  102 11168642.687 11168642.692 11169989.050
  3  GTR+F+G4      5587022.464  102 11174248.928 11174248.933 11175595.290
  4  GTR+F+I+G4    5586466.998  103 11173139.995 11173140.001 11174499.557
  5  GTR+F+R2      5587715.069  103 11175636.138 11175636.144 11176995.700
  6  GTR+F+R3      5587385.792  105 11174981.584 11174981.589 11176367.545
  7  GTR+F+R4      5587073.574  107 11174361.148 11174361.154 11175773.509
  8  GTR+F+R5      5586798.772  109 11173815.543 11173815.549 11175254.303
  9  GTR+F+R6      5586497.293  111 11173216.586 11173216.592 11174681.745
 10  GTR+F+R7      5586103.741  113 11172433.481 11172433.488 11173925.040
 11  GTR+F+R8      5585476.235  115 11171182.470 11171182.476 11172700.427
 12  GTR+F+R9      5584024.848  117 11168283.695 11168283.702 11169828.052
 13  GTR+F+R10     5583580.556  119 11167399.113 11167399.120 11168969.869
 26  SYM+R10       5589603.412  116 11179438.824 11179438.831 11180969.982
 39  TVM+F+R10     5583269.396  118 11166774.792 11166774.799 11168332.349
 52  TVMe+R10      5589461.251  115 11179152.502 11179152.509 11180670.460
 65  TIM3+F+R10    5583011.214  117 11166256.428 11166256.435 11167800.785
 78  TIM3e+R10     5589405.262  114 11179038.524 11179038.531 11180543.282
 91  TIM2+F+R10    5583004.319  117 11166242.637 11166242.644 11167786.994
104  TIM2e+R10     5589402.388  114 11179032.776 11179032.782 11180537.534
117  TIM+F+R10     5583007.213  117 11166248.425 11166248.432 11167792.782
130  TIMe+R10      5589401.672  114 11179031.345 11179031.351 11180536.103
143  TPM3u+F+R10   5583069.781  116 11166371.563 11166371.570 11167902.720
156  TPM3+F+R10    5583069.781  116 11166371.563 11166371.570 11167902.720
169  TPM2u+F+R10   5583062.653  116 11166357.307 11166357.314 11167888.464
182  TPM2+F+R10    5583062.653  116 11166357.307 11166357.314 11167888.464
195  K3Pu+F+R10    5583065.917  116 11166363.834 11166363.840 11167894.991
208  K3P+R10       5589443.622  113 11179113.244 11179113.250 11180604.802
221  TN+F+R10      5583010.899  116 11166253.797 11166253.804 11167784.954
234  TNe+R10       5589405.012  113 11179036.024 11179036.031 11180527.583
247  HKY+F+R10     5583069.635  115 11166369.271 11166369.277 11167887.228
260  K2P+R10       5589447.371  112 11179118.742 11179118.749 11180597.101
273  F81+F+R10     5584530.185  114 11169288.371 11169288.377 11170793.129
286  JC+R10        5590902.317  111 11182026.635 11182026.641 11183491.794
Akaike Information Criterion:           TIM2+F+R10
Corrected Akaike Information Criterion: TIM2+F+R10
Bayesian Information Criterion:         TN+F+R10
Best-fit model: TN+F+R10 chosen according to BIC

All model information printed to ../Roary.out/core_gene_alignment.aln.model.gz
CPU time for ModelFinder: 1092.787 seconds (0h:18m:12s)
Wall-clock time for ModelFinder: 328.048 seconds (0h:5m:28s)
Generating 1000 samples for ultrafast bootstrap (seed: 909090)...

NOTE: 31 MB RAM (0 GB) is required!
Estimate model parameters (epsilon = 0.100)
1. Initial log-likelihood: -5583010.899
Optimal log-likelihood: -5583010.898
Rate parameters:  A-C: 1.00000  A-G: 3.79242  A-T: 1.00000  C-G: 1.00000  C-T: 5.45596  G-T: 1.00000
Base frequencies:  A: 0.240  C: 0.246  G: 0.274  T: 0.240
Site proportion and rates:  (0.110,0.591) (0.111,0.594) (0.111,0.595) (0.110,0.596) (0.113,0.598) (0.110,0.600) (0.110,0.600) (0.110,0.601) (0.115,0.608) (0.000,3983.972)
Parameters optimization took 1 rounds (0.050 sec)
Computing ML distances based on estimated model parameters... 0.107 sec
Computing BIONJ tree...
0.012 seconds
Log-likelihood of BIONJ tree: -5582863.009
--------------------------------------------------------------------
|             INITIALIZING CANDIDATE TREE SET                      |
--------------------------------------------------------------------
Generating 98 parsimony trees... 1.920 second
Computing log-likelihood of 98 initial trees ... 1.589 seconds
Current best score: -5582863.009

Do NNI search on 20 best initial trees
Estimate model parameters (epsilon = 0.100)
BETTER TREE FOUND at iteration 1: -5582713.425
Iteration 10 / LogL: -5582733.246 / Time: 0h:0m:6s
Iteration 20 / LogL: -5582747.042 / Time: 0h:0m:9s
Finish initializing candidate tree set (13)
Current best tree score: -5582713.425 / CPU time: 9.407
Number of iterations: 20
--------------------------------------------------------------------
|               OPTIMIZING CANDIDATE TREE SET                      |
--------------------------------------------------------------------
Estimate model parameters (epsilon = 0.100)
BETTER TREE FOUND at iteration 22: -5582668.746
Estimate model parameters (epsilon = 0.100)
BETTER TREE FOUND at iteration 26: -5582648.870
Iteration 30 / LogL: -5582988.323 / Time: 0h:0m:13s (0h:0m:44s left)
Iteration 40 / LogL: -5583461.262 / Time: 0h:0m:16s (0h:0m:35s left)
Estimate model parameters (epsilon = 0.100)
BETTER TREE FOUND at iteration 46: -5582645.482
Iteration 50 / LogL: -5582672.498 / Time: 0h:0m:19s (0h:0m:37s left)
Log-likelihood cutoff on original alignment: -5582752.651
Iteration 60 / LogL: -5582651.199 / Time: 0h:0m:21s (0h:0m:31s left)
Estimate model parameters (epsilon = 0.100)
BETTER TREE FOUND at iteration 67: -5582645.467
Iteration 70 / LogL: -5582855.942 / Time: 0h:0m:24s (0h:0m:34s left)
Iteration 80 / LogL: -5582652.654 / Time: 0h:0m:27s (0h:0m:30s left)
Iteration 90 / LogL: -5582646.730 / Time: 0h:0m:30s (0h:0m:26s left)
Iteration 100 / LogL: -5582645.548 / Time: 0h:0m:33s (0h:0m:22s left)
Log-likelihood cutoff on original alignment: -5582723.615
NOTE: Bootstrap correlation coefficient of split occurrence frequencies: 0.982
NOTE: UFBoot does not converge, continue at least 100 more iterations
Iteration 110 / LogL: -5582656.025 / Time: 0h:0m:37s (0h:0m:30s left)
Iteration 120 / LogL: -5582645.850 / Time: 0h:0m:40s (0h:0m:27s left)
Iteration 130 / LogL: -5582655.445 / Time: 0h:0m:42s (0h:0m:23s left)
BETTER TREE FOUND at iteration 131: -5582645.465
Iteration 140 / LogL: -5582645.546 / Time: 0h:0m:46s (0h:0m:30s left)
Iteration 150 / LogL: -5582959.863 / Time: 0h:0m:48s (0h:0m:26s left)
Log-likelihood cutoff on original alignment: -5582723.615
Iteration 160 / LogL: -5582645.501 / Time: 0h:0m:51s (0h:0m:23s left)
Iteration 170 / LogL: -5582655.588 / Time: 0h:0m:54s (0h:0m:19s left)
Iteration 180 / LogL: -5582920.497 / Time: 0h:0m:57s (0h:0m:16s left)
Iteration 190 / LogL: -5582700.750 / Time: 0h:1m:0s (0h:0m:13s left)
Estimate model parameters (epsilon = 0.100)
BETTER TREE FOUND at iteration 199: -5582642.488
Iteration 200 / LogL: -5582645.625 / Time: 0h:1m:3s (0h:0m:31s left)
Log-likelihood cutoff on original alignment: -5582723.615
NOTE: Bootstrap correlation coefficient of split occurrence frequencies: 0.998
Iteration 210 / LogL: -5582672.409 / Time: 0h:1m:7s (0h:0m:29s left)
Iteration 220 / LogL: -5582655.539 / Time: 0h:1m:11s (0h:0m:25s left)
Estimate model parameters (epsilon = 0.100)
BETTER TREE FOUND at iteration 224: -5582642.440
Iteration 230 / LogL: -5582642.500 / Time: 0h:1m:14s (0h:0m:30s left)
Iteration 240 / LogL: -5582645.592 / Time: 0h:1m:17s (0h:0m:27s left)
Iteration 250 / LogL: -5582897.102 / Time: 0h:1m:21s (0h:0m:24s left)
Log-likelihood cutoff on original alignment: -5582723.615
Iteration 260 / LogL: -5582910.053 / Time: 0h:1m:25s (0h:0m:21s left)
Iteration 270 / LogL: -5582644.253 / Time: 0h:1m:28s (0h:0m:17s left)
Iteration 280 / LogL: -5582642.541 / Time: 0h:1m:32s (0h:0m:14s left)
Iteration 290 / LogL: -5582642.474 / Time: 0h:1m:35s (0h:0m:11s left)
Iteration 300 / LogL: -5582863.769 / Time: 0h:1m:38s (0h:0m:7s left)
Log-likelihood cutoff on original alignment: -5582723.615
NOTE: Bootstrap correlation coefficient of split occurrence frequencies: 0.989
NOTE: UFBoot does not converge, continue at least 100 more iterations
Iteration 310 / LogL: -5582642.511 / Time: 0h:1m:41s (0h:0m:29s left)
Iteration 320 / LogL: -5582642.472 / Time: 0h:1m:44s (0h:0m:26s left)
Iteration 330 / LogL: -5582642.536 / Time: 0h:1m:47s (0h:0m:22s left)
Iteration 340 / LogL: -5582642.753 / Time: 0h:1m:50s (0h:0m:19s left)
Iteration 350 / LogL: -5582649.535 / Time: 0h:1m:54s (0h:0m:16s left)
Log-likelihood cutoff on original alignment: -5582723.615
Iteration 360 / LogL: -5582659.580 / Time: 0h:1m:57s (0h:0m:13s left)
Iteration 370 / LogL: -5582656.121 / Time: 0h:2m:1s (0h:0m:9s left)
Iteration 380 / LogL: -5582642.515 / Time: 0h:2m:4s (0h:0m:6s left)
Iteration 390 / LogL: -5582956.525 / Time: 0h:2m:6s (0h:0m:3s left)
Iteration 400 / LogL: -5582959.804 / Time: 0h:2m:9s (0h:0m:0s left)
Log-likelihood cutoff on original alignment: -5582723.615
NOTE: Bootstrap correlation coefficient of split occurrence frequencies: 0.992
TREE SEARCH COMPLETED AFTER 400 ITERATIONS / Time: 0h:2m:10s

--------------------------------------------------------------------
|                    FINALIZING TREE SEARCH                        |
--------------------------------------------------------------------
Performs final model parameters optimization
Estimate model parameters (epsilon = 0.010)
1. Initial log-likelihood: -5582642.440
Optimal log-likelihood: -5582642.440
Rate parameters:  A-C: 1.00000  A-G: 3.76554  A-T: 1.00000  C-G: 1.00000  C-T: 5.47847  G-T: 1.00000
Base frequencies:  A: 0.240  C: 0.246  G: 0.274  T: 0.240
Site proportion and rates:  (0.110,0.591) (0.111,0.594) (0.111,0.595) (0.110,0.596) (0.113,0.598) (0.110,0.600) (0.110,0.600) (0.110,0.601) (0.115,0.608) (0.000,3983.972)
Parameters optimization took 1 rounds (0.038 sec)
BEST SCORE FOUND : -5582642.440
Creating bootstrap support values...
Split supports printed to NEXUS file ../Roary.out/core_gene_alignment.aln.splits.nex
Total tree length: 0.002

Total number of iterations: 400
CPU time used for tree search: 504.071 sec (0h:8m:24s)
Wall-clock time used for tree search: 129.675 sec (0h:2m:9s)
Total CPU time used: 505.183 sec (0h:8m:25s)
Total wall-clock time used: 130.185 sec (0h:2m:10s)

Computing bootstrap consensus tree...
Reading input file ../Roary.out/core_gene_alignment.aln.splits.nex...
48 taxa and 274 splits.
Consensus tree written to ../Roary.out/core_gene_alignment.aln.contree
Reading input trees file ../Roary.out/core_gene_alignment.aln.contree
Log-likelihood of consensus tree: -5582642.551

Analysis results written to: 
  IQ-TREE report:                ../Roary.out/core_gene_alignment.aln.iqtree
  Maximum-likelihood tree:       ../Roary.out/core_gene_alignment.aln.treefile
  Likelihood distances:          ../Roary.out/core_gene_alignment.aln.mldist

Ultrafast bootstrap approximation results written to:
  Split support values:          ../Roary.out/core_gene_alignment.aln.splits.nex
  Consensus tree:                ../Roary.out/core_gene_alignment.aln.contree
  Screen log file:               ../Roary.out/core_gene_alignment.aln.log

Date and Time: Fri Sep 18 10:49:46 2020
