11/13/2020 11:38:25 AM    ==== Scoary started ====
11/13/2020 11:38:25 AM    Command: ./scoary.py -g /projects/AusGEM/Users/Max/Manuscripts/AVC171/AVC171/analysis/pangenome/ST95_all/Roary.out/gene_presence_absence.csv -t /projects/AusGEM/Users/Max/Manuscripts/AVC171/AVC171/delims/scoary_traits.csv -o ST95_all_Scoary --threads 20 -p 1E-20 -c BH --no_pairwise
11/13/2020 11:38:25 AM    Performing no pairwise comparisons. Ignoring all tree related options (user tree, population aware-correction, permutations).
11/13/2020 11:38:25 AM    Reading gene presence absence file
11/13/2020 11:38:34 AM    Ignoring relatedness among input sample and performing only population structure-naive analysis.
11/13/2020 11:38:34 AM    Reading traits file
11/13/2020 11:38:35 AM    Finished loading files into memory.


11/13/2020 11:38:35 AM    ==== Performing statistics ====
11/13/2020 11:38:35 AM    -- Filtration options --
11/13/2020 11:38:35 AM    Benjamini-Hochberg:    1e-20
11/13/2020 11:38:35 AM    Collapse genes:    False


11/13/2020 11:38:35 AM    Tallying genes and performing statistical analyses
11/13/2020 11:38:35 AM    Gene-wise counting and Fisher's exact tests for trait: HC200_8655
11/13/2020 11:39:16 AM    Adding p-values adjusted for testing multiple hypotheses
11/13/2020 11:39:16 AM    Gene-wise counting and Fisher's exact tests for trait: HC50_74014
11/13/2020 11:39:54 AM    Adding p-values adjusted for testing multiple hypotheses
11/13/2020 11:39:54 AM    Gene-wise counting and Fisher's exact tests for trait: HC50_10150
11/13/2020 11:40:32 AM    Adding p-values adjusted for testing multiple hypotheses
11/13/2020 11:40:32 AM    Gene-wise counting and Fisher's exact tests for trait: HC50_11668
11/13/2020 11:41:09 AM    Adding p-values adjusted for testing multiple hypotheses
11/13/2020 11:41:10 AM    Gene-wise counting and Fisher's exact tests for trait: HC50_8383
11/13/2020 11:41:46 AM    Adding p-values adjusted for testing multiple hypotheses
11/13/2020 11:41:46 AM    Gene-wise counting and Fisher's exact tests for trait: HC50_116164
11/13/2020 11:42:24 AM    Adding p-values adjusted for testing multiple hypotheses
11/13/2020 11:42:24 AM    Gene-wise counting and Fisher's exact tests for trait: HC50_8387
11/13/2020 11:43:01 AM    Adding p-values adjusted for testing multiple hypotheses
11/13/2020 11:43:01 AM    Gene-wise counting and Fisher's exact tests for trait: HC50_8386
11/13/2020 11:43:38 AM    Adding p-values adjusted for testing multiple hypotheses
11/13/2020 11:43:38 AM    Gene-wise counting and Fisher's exact tests for trait: HC50_1677
11/13/2020 11:44:15 AM    Adding p-values adjusted for testing multiple hypotheses
11/13/2020 11:44:16 AM    Gene-wise counting and Fisher's exact tests for trait: HC50_133379
11/13/2020 11:44:53 AM    Adding p-values adjusted for testing multiple hypotheses
11/13/2020 11:44:53 AM    Gene-wise counting and Fisher's exact tests for trait: HC50_56673
11/13/2020 11:45:29 AM    Adding p-values adjusted for testing multiple hypotheses
11/13/2020 11:45:30 AM    Gene-wise counting and Fisher's exact tests for trait: HC200_121272
11/13/2020 11:46:06 AM    Adding p-values adjusted for testing multiple hypotheses
11/13/2020 11:46:06 AM    Gene-wise counting and Fisher's exact tests for trait: HC50_57628
11/13/2020 11:46:44 AM    Adding p-values adjusted for testing multiple hypotheses
11/13/2020 11:46:44 AM    Gene-wise counting and Fisher's exact tests for trait: HC50_4921
11/13/2020 11:47:23 AM    Adding p-values adjusted for testing multiple hypotheses
11/13/2020 11:47:23 AM    Gene-wise counting and Fisher's exact tests for trait: HC50_27328
11/13/2020 11:48:00 AM    Adding p-values adjusted for testing multiple hypotheses
11/13/2020 11:48:00 AM    Gene-wise counting and Fisher's exact tests for trait: HC50_7181
11/13/2020 11:48:37 AM    Adding p-values adjusted for testing multiple hypotheses
11/13/2020 11:48:37 AM    Gene-wise counting and Fisher's exact tests for trait: HC200_104870
11/13/2020 11:49:14 AM    Adding p-values adjusted for testing multiple hypotheses
11/13/2020 11:49:14 AM    Gene-wise counting and Fisher's exact tests for trait: HC50_4924
11/13/2020 11:49:51 AM    Adding p-values adjusted for testing multiple hypotheses
11/13/2020 11:49:51 AM    Gene-wise counting and Fisher's exact tests for trait: HC50_1678
11/13/2020 11:50:29 AM    Adding p-values adjusted for testing multiple hypotheses
11/13/2020 11:50:29 AM    Gene-wise counting and Fisher's exact tests for trait: HC50_25348
11/13/2020 11:51:06 AM    Adding p-values adjusted for testing multiple hypotheses
11/13/2020 11:51:06 AM    Gene-wise counting and Fisher's exact tests for trait: HC50_90181
11/13/2020 11:51:42 AM    Adding p-values adjusted for testing multiple hypotheses
11/13/2020 11:51:42 AM    Gene-wise counting and Fisher's exact tests for trait: HC50_11891
11/13/2020 11:52:19 AM    Adding p-values adjusted for testing multiple hypotheses
11/13/2020 11:52:19 AM    Gene-wise counting and Fisher's exact tests for trait: HC50_1104
11/13/2020 11:53:00 AM    Adding p-values adjusted for testing multiple hypotheses
11/13/2020 11:53:00 AM    Gene-wise counting and Fisher's exact tests for trait: HC50_1105
11/13/2020 11:53:41 AM    Adding p-values adjusted for testing multiple hypotheses
11/13/2020 11:53:41 AM    Gene-wise counting and Fisher's exact tests for trait: HC50_1106
11/13/2020 11:54:24 AM    Adding p-values adjusted for testing multiple hypotheses
11/13/2020 11:54:24 AM    Gene-wise counting and Fisher's exact tests for trait: HC50_1107
11/13/2020 11:55:07 AM    Adding p-values adjusted for testing multiple hypotheses
11/13/2020 11:55:07 AM    Gene-wise counting and Fisher's exact tests for trait: HC50_1108
11/13/2020 11:55:47 AM    Adding p-values adjusted for testing multiple hypotheses
11/13/2020 11:55:47 AM    Gene-wise counting and Fisher's exact tests for trait: HC50_25340
11/13/2020 11:56:24 AM    Adding p-values adjusted for testing multiple hypotheses
11/13/2020 11:56:24 AM    Gene-wise counting and Fisher's exact tests for trait: HC50_73995
11/13/2020 11:57:02 AM    Adding p-values adjusted for testing multiple hypotheses
11/13/2020 11:57:02 AM    Gene-wise counting and Fisher's exact tests for trait: HC50_6667
11/13/2020 11:57:39 AM    Adding p-values adjusted for testing multiple hypotheses
11/13/2020 11:57:39 AM    Gene-wise counting and Fisher's exact tests for trait: HC50_8380
11/13/2020 11:58:16 AM    Adding p-values adjusted for testing multiple hypotheses
11/13/2020 11:58:16 AM    Gene-wise counting and Fisher's exact tests for trait: HC200_80967
11/13/2020 11:58:52 AM    Adding p-values adjusted for testing multiple hypotheses
11/13/2020 11:58:53 AM    Gene-wise counting and Fisher's exact tests for trait: Other.y
11/13/2020 11:59:31 AM    Adding p-values adjusted for testing multiple hypotheses
11/13/2020 11:59:31 AM    Gene-wise counting and Fisher's exact tests for trait: HC50_9859
11/13/2020 12:00:09 PM    Adding p-values adjusted for testing multiple hypotheses
11/13/2020 12:00:09 PM    Gene-wise counting and Fisher's exact tests for trait: HC50_36546
11/13/2020 12:00:46 PM    Adding p-values adjusted for testing multiple hypotheses
11/13/2020 12:00:46 PM    Gene-wise counting and Fisher's exact tests for trait: HC200_98164
11/13/2020 12:01:22 PM    Adding p-values adjusted for testing multiple hypotheses
11/13/2020 12:01:23 PM    Gene-wise counting and Fisher's exact tests for trait: HC50_45040
11/13/2020 12:01:59 PM    Adding p-values adjusted for testing multiple hypotheses
11/13/2020 12:01:59 PM    Gene-wise counting and Fisher's exact tests for trait: HC50_2245
11/13/2020 12:02:39 PM    Adding p-values adjusted for testing multiple hypotheses
11/13/2020 12:02:39 PM    Gene-wise counting and Fisher's exact tests for trait: HC50_45046
11/13/2020 12:03:16 PM    Adding p-values adjusted for testing multiple hypotheses
11/13/2020 12:03:16 PM    Gene-wise counting and Fisher's exact tests for trait: HC50_36619
11/13/2020 12:03:53 PM    Adding p-values adjusted for testing multiple hypotheses
11/13/2020 12:03:53 PM    Gene-wise counting and Fisher's exact tests for trait: Flora
11/13/2020 12:04:38 PM    Adding p-values adjusted for testing multiple hypotheses
11/13/2020 12:04:38 PM    Gene-wise counting and Fisher's exact tests for trait: HC50_25968
11/13/2020 12:05:15 PM    Adding p-values adjusted for testing multiple hypotheses
11/13/2020 12:05:15 PM    Gene-wise counting and Fisher's exact tests for trait: HC50_55507
11/13/2020 12:05:52 PM    Adding p-values adjusted for testing multiple hypotheses
11/13/2020 12:05:52 PM    Gene-wise counting and Fisher's exact tests for trait: HC50_8375
11/13/2020 12:06:29 PM    Adding p-values adjusted for testing multiple hypotheses
11/13/2020 12:06:29 PM    Gene-wise counting and Fisher's exact tests for trait: HC50_28144
11/13/2020 12:07:06 PM    Adding p-values adjusted for testing multiple hypotheses
11/13/2020 12:07:06 PM    Gene-wise counting and Fisher's exact tests for trait: HC50_56766
11/13/2020 12:07:43 PM    Adding p-values adjusted for testing multiple hypotheses
11/13/2020 12:07:43 PM    Gene-wise counting and Fisher's exact tests for trait: HC50_28140
11/13/2020 12:08:22 PM    Adding p-values adjusted for testing multiple hypotheses
11/13/2020 12:08:22 PM    Gene-wise counting and Fisher's exact tests for trait: Environmental
11/13/2020 12:09:03 PM    Adding p-values adjusted for testing multiple hypotheses
11/13/2020 12:09:03 PM    Gene-wise counting and Fisher's exact tests for trait: HC50_66549
11/13/2020 12:09:40 PM    Adding p-values adjusted for testing multiple hypotheses
11/13/2020 12:09:40 PM    Gene-wise counting and Fisher's exact tests for trait: HC200_28050
11/13/2020 12:10:17 PM    Adding p-values adjusted for testing multiple hypotheses
11/13/2020 12:10:17 PM    Gene-wise counting and Fisher's exact tests for trait: HC50_56442
11/13/2020 12:10:54 PM    Adding p-values adjusted for testing multiple hypotheses
11/13/2020 12:10:54 PM    Gene-wise counting and Fisher's exact tests for trait: HC50_104870
11/13/2020 12:11:31 PM    Adding p-values adjusted for testing multiple hypotheses
11/13/2020 12:11:31 PM    Gene-wise counting and Fisher's exact tests for trait: HC50_90260
11/13/2020 12:12:08 PM    Adding p-values adjusted for testing multiple hypotheses
11/13/2020 12:12:08 PM    Gene-wise counting and Fisher's exact tests for trait: Canine
11/13/2020 12:12:48 PM    Adding p-values adjusted for testing multiple hypotheses
11/13/2020 12:12:48 PM    Gene-wise counting and Fisher's exact tests for trait: Systemic
11/13/2020 12:13:42 PM    Adding p-values adjusted for testing multiple hypotheses
11/13/2020 12:13:42 PM    Gene-wise counting and Fisher's exact tests for trait: HC50_12576
11/13/2020 12:14:19 PM    Adding p-values adjusted for testing multiple hypotheses
11/13/2020 12:14:19 PM    Gene-wise counting and Fisher's exact tests for trait: HC50_27980
11/13/2020 12:14:56 PM    Adding p-values adjusted for testing multiple hypotheses
11/13/2020 12:14:56 PM    Gene-wise counting and Fisher's exact tests for trait: HC50_9830
11/13/2020 12:15:33 PM    Adding p-values adjusted for testing multiple hypotheses
11/13/2020 12:15:34 PM    Gene-wise counting and Fisher's exact tests for trait: HC50_45055
11/13/2020 12:16:10 PM    Adding p-values adjusted for testing multiple hypotheses
11/13/2020 12:16:11 PM    Gene-wise counting and Fisher's exact tests for trait: HC50_8620
11/13/2020 12:16:47 PM    Adding p-values adjusted for testing multiple hypotheses
11/13/2020 12:16:48 PM    Gene-wise counting and Fisher's exact tests for trait: HC50_45053
11/13/2020 12:17:25 PM    Adding p-values adjusted for testing multiple hypotheses
11/13/2020 12:17:25 PM    Gene-wise counting and Fisher's exact tests for trait: HC50_135014
11/13/2020 12:18:01 PM    Adding p-values adjusted for testing multiple hypotheses
11/13/2020 12:18:01 PM    Gene-wise counting and Fisher's exact tests for trait: HC50_8617
11/13/2020 12:18:38 PM    Adding p-values adjusted for testing multiple hypotheses
11/13/2020 12:18:38 PM    Gene-wise counting and Fisher's exact tests for trait: HC50_90166
11/13/2020 12:19:15 PM    Adding p-values adjusted for testing multiple hypotheses
11/13/2020 12:19:15 PM    Gene-wise counting and Fisher's exact tests for trait: Unknown
11/13/2020 12:19:55 PM    Adding p-values adjusted for testing multiple hypotheses
11/13/2020 12:19:55 PM    Gene-wise counting and Fisher's exact tests for trait: HC50_60136
11/13/2020 12:20:32 PM    Adding p-values adjusted for testing multiple hypotheses
11/13/2020 12:20:32 PM    Gene-wise counting and Fisher's exact tests for trait: HC50_90313
11/13/2020 12:21:09 PM    Adding p-values adjusted for testing multiple hypotheses
11/13/2020 12:21:09 PM    Gene-wise counting and Fisher's exact tests for trait: HC200_133658
11/13/2020 12:21:46 PM    Adding p-values adjusted for testing multiple hypotheses
11/13/2020 12:21:46 PM    Gene-wise counting and Fisher's exact tests for trait: HC50_3702
11/13/2020 12:22:28 PM    Adding p-values adjusted for testing multiple hypotheses
11/13/2020 12:22:28 PM    Gene-wise counting and Fisher's exact tests for trait: HC50_8548
11/13/2020 12:23:05 PM    Adding p-values adjusted for testing multiple hypotheses
11/13/2020 12:23:05 PM    Gene-wise counting and Fisher's exact tests for trait: HC50_8464
11/13/2020 12:23:41 PM    Adding p-values adjusted for testing multiple hypotheses
11/13/2020 12:23:41 PM    Gene-wise counting and Fisher's exact tests for trait: HC50_5077
11/13/2020 12:24:19 PM    Adding p-values adjusted for testing multiple hypotheses
11/13/2020 12:24:19 PM    Gene-wise counting and Fisher's exact tests for trait: HC50_11922
11/13/2020 12:24:56 PM    Adding p-values adjusted for testing multiple hypotheses
11/13/2020 12:24:56 PM    Gene-wise counting and Fisher's exact tests for trait: HC50_90266
11/13/2020 12:25:33 PM    Adding p-values adjusted for testing multiple hypotheses
11/13/2020 12:25:33 PM    Gene-wise counting and Fisher's exact tests for trait: HC50_42019
11/13/2020 12:26:10 PM    Adding p-values adjusted for testing multiple hypotheses
11/13/2020 12:26:10 PM    Gene-wise counting and Fisher's exact tests for trait: HC50_28066
11/13/2020 12:26:47 PM    Adding p-values adjusted for testing multiple hypotheses
11/13/2020 12:26:47 PM    Gene-wise counting and Fisher's exact tests for trait: HC50_8485
11/13/2020 12:27:23 PM    Adding p-values adjusted for testing multiple hypotheses
11/13/2020 12:27:24 PM    Gene-wise counting and Fisher's exact tests for trait: HC50_100446
11/13/2020 12:28:01 PM    Adding p-values adjusted for testing multiple hypotheses
11/13/2020 12:28:01 PM    Gene-wise counting and Fisher's exact tests for trait: HC50_12209
11/13/2020 12:28:38 PM    Adding p-values adjusted for testing multiple hypotheses
11/13/2020 12:28:38 PM    Gene-wise counting and Fisher's exact tests for trait: HC50_8659
11/13/2020 12:29:15 PM    Adding p-values adjusted for testing multiple hypotheses
11/13/2020 12:29:15 PM    Gene-wise counting and Fisher's exact tests for trait: HC50_36588
11/13/2020 12:29:52 PM    Adding p-values adjusted for testing multiple hypotheses
11/13/2020 12:29:52 PM    Gene-wise counting and Fisher's exact tests for trait: HC50_130539
11/13/2020 12:30:29 PM    Adding p-values adjusted for testing multiple hypotheses
11/13/2020 12:30:29 PM    Gene-wise counting and Fisher's exact tests for trait: HC50_130734
11/13/2020 12:31:06 PM    Adding p-values adjusted for testing multiple hypotheses
11/13/2020 12:31:06 PM    Gene-wise counting and Fisher's exact tests for trait: HC50_134790
11/13/2020 12:31:43 PM    Adding p-values adjusted for testing multiple hypotheses
11/13/2020 12:31:43 PM    Gene-wise counting and Fisher's exact tests for trait: HC50_15051
11/13/2020 12:32:20 PM    Adding p-values adjusted for testing multiple hypotheses
11/13/2020 12:32:21 PM    Gene-wise counting and Fisher's exact tests for trait: HC50_73996
11/13/2020 12:32:57 PM    Adding p-values adjusted for testing multiple hypotheses
11/13/2020 12:32:58 PM    Gene-wise counting and Fisher's exact tests for trait: HC50_8435
11/13/2020 12:33:39 PM    Adding p-values adjusted for testing multiple hypotheses
11/13/2020 12:33:39 PM    Gene-wise counting and Fisher's exact tests for trait: HC50_12581
11/13/2020 12:34:17 PM    Adding p-values adjusted for testing multiple hypotheses
11/13/2020 12:34:17 PM    Gene-wise counting and Fisher's exact tests for trait: HC50_56984
11/13/2020 12:34:55 PM    Adding p-values adjusted for testing multiple hypotheses
11/13/2020 12:34:55 PM    Gene-wise counting and Fisher's exact tests for trait: HC50_23651
11/13/2020 12:35:32 PM    Adding p-values adjusted for testing multiple hypotheses
11/13/2020 12:35:32 PM    Gene-wise counting and Fisher's exact tests for trait: HC50_55875
11/13/2020 12:36:09 PM    Adding p-values adjusted for testing multiple hypotheses
11/13/2020 12:36:09 PM    Gene-wise counting and Fisher's exact tests for trait: HC50_30978
11/13/2020 12:36:45 PM    Adding p-values adjusted for testing multiple hypotheses
11/13/2020 12:36:45 PM    Gene-wise counting and Fisher's exact tests for trait: HC200_1108
11/13/2020 12:37:25 PM    Adding p-values adjusted for testing multiple hypotheses
11/13/2020 12:37:25 PM    Gene-wise counting and Fisher's exact tests for trait: HC50_8531
11/13/2020 12:38:02 PM    Adding p-values adjusted for testing multiple hypotheses
11/13/2020 12:38:02 PM    Gene-wise counting and Fisher's exact tests for trait: HC50_3473
11/13/2020 12:38:39 PM    Adding p-values adjusted for testing multiple hypotheses
11/13/2020 12:38:39 PM    Gene-wise counting and Fisher's exact tests for trait: HC50_4283
11/13/2020 12:39:15 PM    Adding p-values adjusted for testing multiple hypotheses
11/13/2020 12:39:16 PM    Gene-wise counting and Fisher's exact tests for trait: Urine
11/13/2020 12:40:08 PM    Adding p-values adjusted for testing multiple hypotheses
11/13/2020 12:40:08 PM    Gene-wise counting and Fisher's exact tests for trait: HC200_1104
11/13/2020 12:40:53 PM    Adding p-values adjusted for testing multiple hypotheses
11/13/2020 12:40:54 PM    Gene-wise counting and Fisher's exact tests for trait: HC50_121272
11/13/2020 12:41:30 PM    Adding p-values adjusted for testing multiple hypotheses
11/13/2020 12:41:30 PM    Gene-wise counting and Fisher's exact tests for trait: HC50_70040
11/13/2020 12:42:07 PM    Adding p-values adjusted for testing multiple hypotheses
11/13/2020 12:42:07 PM    Gene-wise counting and Fisher's exact tests for trait: Human
11/13/2020 12:43:03 PM    Adding p-values adjusted for testing multiple hypotheses
11/13/2020 12:43:04 PM    Gene-wise counting and Fisher's exact tests for trait: HC200_8375
11/13/2020 12:43:40 PM    Adding p-values adjusted for testing multiple hypotheses
11/13/2020 12:43:40 PM    Gene-wise counting and Fisher's exact tests for trait: HC50_36352
11/13/2020 12:44:17 PM    Adding p-values adjusted for testing multiple hypotheses
11/13/2020 12:44:17 PM    Gene-wise counting and Fisher's exact tests for trait: HC50_26088
11/13/2020 12:44:54 PM    Adding p-values adjusted for testing multiple hypotheses
11/13/2020 12:44:54 PM    Gene-wise counting and Fisher's exact tests for trait: HC50_2219
11/13/2020 12:45:34 PM    Adding p-values adjusted for testing multiple hypotheses
11/13/2020 12:45:34 PM    Gene-wise counting and Fisher's exact tests for trait: HC50_45131
11/13/2020 12:46:10 PM    Adding p-values adjusted for testing multiple hypotheses
11/13/2020 12:46:11 PM    Gene-wise counting and Fisher's exact tests for trait: HC50_9381
11/13/2020 12:46:47 PM    Adding p-values adjusted for testing multiple hypotheses
11/13/2020 12:46:47 PM    Gene-wise counting and Fisher's exact tests for trait: HC200_44
11/13/2020 12:47:33 PM    Adding p-values adjusted for testing multiple hypotheses
11/13/2020 12:47:33 PM    Gene-wise counting and Fisher's exact tests for trait: HC50_66821
11/13/2020 12:48:10 PM    Adding p-values adjusted for testing multiple hypotheses
11/13/2020 12:48:10 PM    Gene-wise counting and Fisher's exact tests for trait: HC50_55
11/13/2020 12:48:54 PM    Adding p-values adjusted for testing multiple hypotheses
11/13/2020 12:48:54 PM    Gene-wise counting and Fisher's exact tests for trait: Environment
11/13/2020 12:49:35 PM    Adding p-values adjusted for testing multiple hypotheses
11/13/2020 12:49:35 PM    Gene-wise counting and Fisher's exact tests for trait: HC50_9592
11/13/2020 12:50:15 PM    Adding p-values adjusted for testing multiple hypotheses
11/13/2020 12:50:15 PM    Gene-wise counting and Fisher's exact tests for trait: HC50_45033
11/13/2020 12:50:51 PM    Adding p-values adjusted for testing multiple hypotheses
11/13/2020 12:50:51 PM    Gene-wise counting and Fisher's exact tests for trait: HC50_45039
11/13/2020 12:51:28 PM    Adding p-values adjusted for testing multiple hypotheses
11/13/2020 12:51:28 PM    Gene-wise counting and Fisher's exact tests for trait: HC50_135207
11/13/2020 12:52:04 PM    Adding p-values adjusted for testing multiple hypotheses
11/13/2020 12:52:04 PM    Gene-wise counting and Fisher's exact tests for trait: HC50_28338
11/13/2020 12:52:41 PM    Adding p-values adjusted for testing multiple hypotheses
11/13/2020 12:52:41 PM    Gene-wise counting and Fisher's exact tests for trait: HC50_4847
11/13/2020 12:53:18 PM    Adding p-values adjusted for testing multiple hypotheses
11/13/2020 12:53:19 PM    Gene-wise counting and Fisher's exact tests for trait: HC50_40809
11/13/2020 12:53:55 PM    Adding p-values adjusted for testing multiple hypotheses
11/13/2020 12:53:55 PM    Gene-wise counting and Fisher's exact tests for trait: HC50_22501
11/13/2020 12:54:31 PM    Adding p-values adjusted for testing multiple hypotheses
11/13/2020 12:54:32 PM    Gene-wise counting and Fisher's exact tests for trait: Raw Chicken
11/13/2020 12:55:13 PM    Adding p-values adjusted for testing multiple hypotheses
11/13/2020 12:55:13 PM    Gene-wise counting and Fisher's exact tests for trait: HC200_1592
11/13/2020 12:55:58 PM    Adding p-values adjusted for testing multiple hypotheses
11/13/2020 12:55:58 PM    Gene-wise counting and Fisher's exact tests for trait: HC200_1111
11/13/2020 12:56:35 PM    Adding p-values adjusted for testing multiple hypotheses
11/13/2020 12:56:35 PM    Gene-wise counting and Fisher's exact tests for trait: HC50_56981
11/13/2020 12:57:11 PM    Adding p-values adjusted for testing multiple hypotheses
11/13/2020 12:57:11 PM    Gene-wise counting and Fisher's exact tests for trait: HC50_64698
11/13/2020 12:57:47 PM    Adding p-values adjusted for testing multiple hypotheses
11/13/2020 12:57:47 PM    Gene-wise counting and Fisher's exact tests for trait: HC50_9691
11/13/2020 12:58:24 PM    Adding p-values adjusted for testing multiple hypotheses
11/13/2020 12:58:24 PM    Gene-wise counting and Fisher's exact tests for trait: HC50_130437
11/13/2020 12:59:01 PM    Adding p-values adjusted for testing multiple hypotheses
11/13/2020 12:59:01 PM    Gene-wise counting and Fisher's exact tests for trait: HC200_55
11/13/2020 12:59:50 PM    Adding p-values adjusted for testing multiple hypotheses
11/13/2020 12:59:51 PM    Gene-wise counting and Fisher's exact tests for trait: HC50_70926
11/13/2020 01:00:27 PM    Adding p-values adjusted for testing multiple hypotheses
11/13/2020 01:00:27 PM    Gene-wise counting and Fisher's exact tests for trait: HC50_89933
11/13/2020 01:01:03 PM    Adding p-values adjusted for testing multiple hypotheses
11/13/2020 01:01:03 PM    Gene-wise counting and Fisher's exact tests for trait: HC50_11755
11/13/2020 01:01:40 PM    Adding p-values adjusted for testing multiple hypotheses
11/13/2020 01:01:40 PM    Gene-wise counting and Fisher's exact tests for trait: HC50_8589
11/13/2020 01:02:16 PM    Adding p-values adjusted for testing multiple hypotheses
11/13/2020 01:02:16 PM    Gene-wise counting and Fisher's exact tests for trait: HC50_1680
11/13/2020 01:02:54 PM    Adding p-values adjusted for testing multiple hypotheses
11/13/2020 01:02:54 PM    Gene-wise counting and Fisher's exact tests for trait: HC50_130612
11/13/2020 01:03:30 PM    Adding p-values adjusted for testing multiple hypotheses
11/13/2020 01:03:30 PM    Gene-wise counting and Fisher's exact tests for trait: HC50_44
11/13/2020 01:04:07 PM    Adding p-values adjusted for testing multiple hypotheses
11/13/2020 01:04:07 PM    Gene-wise counting and Fisher's exact tests for trait: NA
11/13/2020 01:04:49 PM    Adding p-values adjusted for testing multiple hypotheses
11/13/2020 01:04:49 PM    Gene-wise counting and Fisher's exact tests for trait: HC50_87252
11/13/2020 01:05:25 PM    Adding p-values adjusted for testing multiple hypotheses
11/13/2020 01:05:26 PM    Gene-wise counting and Fisher's exact tests for trait: HC50_104600
11/13/2020 01:06:02 PM    Adding p-values adjusted for testing multiple hypotheses
11/13/2020 01:06:02 PM    Gene-wise counting and Fisher's exact tests for trait: HC50_130590
11/13/2020 01:06:38 PM    Adding p-values adjusted for testing multiple hypotheses
11/13/2020 01:06:38 PM    Gene-wise counting and Fisher's exact tests for trait: HC50_57083
11/13/2020 01:07:15 PM    Adding p-values adjusted for testing multiple hypotheses
11/13/2020 01:07:15 PM    Gene-wise counting and Fisher's exact tests for trait: HC50_9916
11/13/2020 01:07:51 PM    Adding p-values adjusted for testing multiple hypotheses
11/13/2020 01:07:51 PM    Gene-wise counting and Fisher's exact tests for trait: HC50_72906
11/13/2020 01:08:28 PM    Adding p-values adjusted for testing multiple hypotheses
11/13/2020 01:08:28 PM    Gene-wise counting and Fisher's exact tests for trait: HC50_9662
11/13/2020 01:09:05 PM    Adding p-values adjusted for testing multiple hypotheses
11/13/2020 01:09:05 PM    Gene-wise counting and Fisher's exact tests for trait: Other.x
11/13/2020 01:09:42 PM    Adding p-values adjusted for testing multiple hypotheses
11/13/2020 01:09:42 PM    Gene-wise counting and Fisher's exact tests for trait: HC50_25485
11/13/2020 01:10:18 PM    Adding p-values adjusted for testing multiple hypotheses
11/13/2020 01:10:18 PM    Gene-wise counting and Fisher's exact tests for trait: HC50_45080
11/13/2020 01:10:55 PM    Adding p-values adjusted for testing multiple hypotheses
11/13/2020 01:10:55 PM    Gene-wise counting and Fisher's exact tests for trait: HC50_4076
11/13/2020 01:11:33 PM    Adding p-values adjusted for testing multiple hypotheses
11/13/2020 01:11:33 PM    Gene-wise counting and Fisher's exact tests for trait: HC50_36470
11/13/2020 01:12:09 PM    Adding p-values adjusted for testing multiple hypotheses
11/13/2020 01:12:09 PM    Gene-wise counting and Fisher's exact tests for trait: HC50_12089
11/13/2020 01:12:46 PM    Adding p-values adjusted for testing multiple hypotheses
11/13/2020 01:12:46 PM    Gene-wise counting and Fisher's exact tests for trait: HC50_28118
11/13/2020 01:13:25 PM    Adding p-values adjusted for testing multiple hypotheses
11/13/2020 01:13:25 PM    Gene-wise counting and Fisher's exact tests for trait: HC50_8533
11/13/2020 01:14:02 PM    Adding p-values adjusted for testing multiple hypotheses
11/13/2020 01:14:02 PM    Gene-wise counting and Fisher's exact tests for trait: HC50_4252
11/13/2020 01:14:43 PM    Adding p-values adjusted for testing multiple hypotheses
11/13/2020 01:14:43 PM    Gene-wise counting and Fisher's exact tests for trait: HC50_80967
11/13/2020 01:15:19 PM    Adding p-values adjusted for testing multiple hypotheses
11/13/2020 01:15:19 PM    Gene-wise counting and Fisher's exact tests for trait: HC50_27542
11/13/2020 01:15:56 PM    Adding p-values adjusted for testing multiple hypotheses
11/13/2020 01:15:56 PM    Gene-wise counting and Fisher's exact tests for trait: HC50_104459
11/13/2020 01:16:32 PM    Adding p-values adjusted for testing multiple hypotheses
11/13/2020 01:16:33 PM    Gene-wise counting and Fisher's exact tests for trait: HC50_15036
11/13/2020 01:17:09 PM    Adding p-values adjusted for testing multiple hypotheses
11/13/2020 01:17:09 PM    Gene-wise counting and Fisher's exact tests for trait: HC50_9679
11/13/2020 01:17:46 PM    Adding p-values adjusted for testing multiple hypotheses
11/13/2020 01:17:46 PM    Gene-wise counting and Fisher's exact tests for trait: HC50_25852
11/13/2020 01:18:22 PM    Adding p-values adjusted for testing multiple hypotheses
11/13/2020 01:18:22 PM    Gene-wise counting and Fisher's exact tests for trait: HC50_119531
11/13/2020 01:18:59 PM    Adding p-values adjusted for testing multiple hypotheses
11/13/2020 01:18:59 PM    Gene-wise counting and Fisher's exact tests for trait: HC50_90186
11/13/2020 01:19:35 PM    Adding p-values adjusted for testing multiple hypotheses
11/13/2020 01:19:36 PM    Gene-wise counting and Fisher's exact tests for trait: HC50_26607
11/13/2020 01:20:12 PM    Adding p-values adjusted for testing multiple hypotheses
11/13/2020 01:20:12 PM    Gene-wise counting and Fisher's exact tests for trait: HC50_8510
11/13/2020 01:20:49 PM    Adding p-values adjusted for testing multiple hypotheses
11/13/2020 01:20:49 PM    Gene-wise counting and Fisher's exact tests for trait: HC200_6624
11/13/2020 01:21:34 PM    Adding p-values adjusted for testing multiple hypotheses
11/13/2020 01:21:34 PM    Gene-wise counting and Fisher's exact tests for trait: HC50_45090
11/13/2020 01:22:10 PM    Adding p-values adjusted for testing multiple hypotheses
11/13/2020 01:22:10 PM    Gene-wise counting and Fisher's exact tests for trait: HC50_56651
11/13/2020 01:22:47 PM    Adding p-values adjusted for testing multiple hypotheses
11/13/2020 01:22:47 PM    Gene-wise counting and Fisher's exact tests for trait: HC200_70040
11/13/2020 01:23:23 PM    Adding p-values adjusted for testing multiple hypotheses
11/13/2020 01:23:24 PM    Gene-wise counting and Fisher's exact tests for trait: HC50_87098
11/13/2020 01:24:00 PM    Adding p-values adjusted for testing multiple hypotheses
11/13/2020 01:24:00 PM    Gene-wise counting and Fisher's exact tests for trait: HC50_30904
11/13/2020 01:24:37 PM    Adding p-values adjusted for testing multiple hypotheses
11/13/2020 01:24:37 PM    Gene-wise counting and Fisher's exact tests for trait: HC50_25798
11/13/2020 01:25:13 PM    Adding p-values adjusted for testing multiple hypotheses
11/13/2020 01:25:13 PM    Gene-wise counting and Fisher's exact tests for trait: HC50_74050
11/13/2020 01:25:50 PM    Adding p-values adjusted for testing multiple hypotheses
11/13/2020 01:25:50 PM    Gene-wise counting and Fisher's exact tests for trait: HC50_54426
11/13/2020 01:26:27 PM    Adding p-values adjusted for testing multiple hypotheses
11/13/2020 01:26:27 PM    Gene-wise counting and Fisher's exact tests for trait: HC50_31492
11/13/2020 01:27:03 PM    Adding p-values adjusted for testing multiple hypotheses
11/13/2020 01:27:03 PM    Gene-wise counting and Fisher's exact tests for trait: HC200_23651
11/13/2020 01:27:40 PM    Adding p-values adjusted for testing multiple hypotheses
11/13/2020 01:27:40 PM    Gene-wise counting and Fisher's exact tests for trait: Bovine
11/13/2020 01:28:20 PM    Adding p-values adjusted for testing multiple hypotheses
11/13/2020 01:28:21 PM    Gene-wise counting and Fisher's exact tests for trait: Poultry
11/13/2020 01:29:02 PM    Adding p-values adjusted for testing multiple hypotheses
11/13/2020 01:29:02 PM    Gene-wise counting and Fisher's exact tests for trait: HC50_89447
11/13/2020 01:29:39 PM    Adding p-values adjusted for testing multiple hypotheses
11/13/2020 01:29:39 PM    Gene-wise counting and Fisher's exact tests for trait: HC50_133658
11/13/2020 01:30:17 PM    Adding p-values adjusted for testing multiple hypotheses
11/13/2020 01:30:18 PM    Gene-wise counting and Fisher's exact tests for trait: HC50_129776
11/13/2020 01:30:54 PM    Adding p-values adjusted for testing multiple hypotheses
11/13/2020 01:30:54 PM    Gene-wise counting and Fisher's exact tests for trait: HC50_45067
11/13/2020 01:31:31 PM    Adding p-values adjusted for testing multiple hypotheses
11/13/2020 01:31:31 PM    Gene-wise counting and Fisher's exact tests for trait: HC50_56399
11/13/2020 01:32:07 PM    Adding p-values adjusted for testing multiple hypotheses
11/13/2020 01:32:07 PM    Gene-wise counting and Fisher's exact tests for trait: HC50_21665
11/13/2020 01:32:44 PM    Adding p-values adjusted for testing multiple hypotheses
11/13/2020 01:32:44 PM    Gene-wise counting and Fisher's exact tests for trait: HC50_25297
11/13/2020 01:33:21 PM    Adding p-values adjusted for testing multiple hypotheses
11/13/2020 01:33:21 PM    Gene-wise counting and Fisher's exact tests for trait: HC50_45091
11/13/2020 01:33:57 PM    Adding p-values adjusted for testing multiple hypotheses
11/13/2020 01:33:58 PM    Gene-wise counting and Fisher's exact tests for trait: HC50_1661
11/13/2020 01:34:34 PM    Adding p-values adjusted for testing multiple hypotheses
11/13/2020 01:34:34 PM    Gene-wise counting and Fisher's exact tests for trait: HC50_6748
11/13/2020 01:35:16 PM    Adding p-values adjusted for testing multiple hypotheses
11/13/2020 01:35:16 PM    Gene-wise counting and Fisher's exact tests for trait: HC50_1592
11/13/2020 01:35:53 PM    Adding p-values adjusted for testing multiple hypotheses
11/13/2020 01:35:53 PM    Gene-wise counting and Fisher's exact tests for trait: HC50_117102
11/13/2020 01:36:30 PM    Adding p-values adjusted for testing multiple hypotheses
11/13/2020 01:36:30 PM    Gene-wise counting and Fisher's exact tests for trait: HC50_6740
11/13/2020 01:37:06 PM    Adding p-values adjusted for testing multiple hypotheses
11/13/2020 01:37:07 PM    Gene-wise counting and Fisher's exact tests for trait: HC50_123575
11/13/2020 01:37:43 PM    Adding p-values adjusted for testing multiple hypotheses
11/13/2020 01:37:43 PM    Gene-wise counting and Fisher's exact tests for trait: HC50_81463
11/13/2020 01:38:20 PM    Adding p-values adjusted for testing multiple hypotheses
11/13/2020 01:38:20 PM    Gene-wise counting and Fisher's exact tests for trait: HC50_11862
11/13/2020 01:38:57 PM    Adding p-values adjusted for testing multiple hypotheses
11/13/2020 01:38:57 PM    Gene-wise counting and Fisher's exact tests for trait: HC50_1111
11/13/2020 01:39:33 PM    Adding p-values adjusted for testing multiple hypotheses
11/13/2020 01:39:33 PM    Gene-wise counting and Fisher's exact tests for trait: HC50_130683
11/13/2020 01:40:10 PM    Adding p-values adjusted for testing multiple hypotheses
11/13/2020 01:40:10 PM    Gene-wise counting and Fisher's exact tests for trait: HC50_119136
11/13/2020 01:40:47 PM    Adding p-values adjusted for testing multiple hypotheses
11/13/2020 01:40:47 PM    Gene-wise counting and Fisher's exact tests for trait: HC50_130565
11/13/2020 01:41:23 PM    Adding p-values adjusted for testing multiple hypotheses
11/13/2020 01:41:23 PM    Gene-wise counting and Fisher's exact tests for trait: HC200_4252
11/13/2020 01:42:02 PM    Adding p-values adjusted for testing multiple hypotheses
11/13/2020 01:42:02 PM    Gene-wise counting and Fisher's exact tests for trait: HC50_28050
11/13/2020 01:42:39 PM    Adding p-values adjusted for testing multiple hypotheses
11/13/2020 01:42:39 PM    Storing results: HC200_8655
11/13/2020 01:42:39 PM    Skipping population structure-aware analyses.
11/13/2020 01:42:39 PM    Storing results to file
11/13/2020 01:42:39 PM    Storing results: HC50_10150
11/13/2020 01:42:39 PM    Skipping population structure-aware analyses.
11/13/2020 01:42:39 PM    Storing results to file
11/13/2020 01:42:39 PM    Storing results: HC50_11668
11/13/2020 01:42:39 PM    Skipping population structure-aware analyses.
11/13/2020 01:42:39 PM    Storing results to file
11/13/2020 01:42:39 PM    Storing results: HC50_8383
11/13/2020 01:42:39 PM    Skipping population structure-aware analyses.
11/13/2020 01:42:39 PM    Storing results to file
11/13/2020 01:42:39 PM    Storing results: HC50_116164
11/13/2020 01:42:39 PM    Skipping population structure-aware analyses.
11/13/2020 01:42:39 PM    Storing results to file
11/13/2020 01:42:39 PM    Storing results: HC50_8387
11/13/2020 01:42:39 PM    Skipping population structure-aware analyses.
11/13/2020 01:42:39 PM    Storing results to file
11/13/2020 01:42:39 PM    Storing results: HC50_8386
11/13/2020 01:42:39 PM    Skipping population structure-aware analyses.
11/13/2020 01:42:39 PM    Storing results to file
11/13/2020 01:42:39 PM    Storing results: HC50_1677
11/13/2020 01:42:39 PM    Skipping population structure-aware analyses.
11/13/2020 01:42:39 PM    Storing results to file
11/13/2020 01:42:39 PM    Storing results: HC50_133379
11/13/2020 01:42:39 PM    Skipping population structure-aware analyses.
11/13/2020 01:42:39 PM    Storing results to file
11/13/2020 01:42:40 PM    Storing results: HC50_56673
11/13/2020 01:42:40 PM    Skipping population structure-aware analyses.
11/13/2020 01:42:40 PM    Storing results to file
11/13/2020 01:42:40 PM    Storing results: HC200_121272
11/13/2020 01:42:40 PM    Skipping population structure-aware analyses.
11/13/2020 01:42:40 PM    Storing results to file
11/13/2020 01:42:40 PM    Storing results: HC50_57628
11/13/2020 01:42:40 PM    Skipping population structure-aware analyses.
11/13/2020 01:42:40 PM    Storing results to file
11/13/2020 01:42:40 PM    Storing results: HC50_4921
11/13/2020 01:42:40 PM    Skipping population structure-aware analyses.
11/13/2020 01:42:40 PM    Storing results to file
11/13/2020 01:42:40 PM    Storing results: HC50_27328
11/13/2020 01:42:40 PM    Skipping population structure-aware analyses.
11/13/2020 01:42:40 PM    Storing results to file
11/13/2020 01:42:40 PM    Storing results: HC50_7181
11/13/2020 01:42:40 PM    Skipping population structure-aware analyses.
11/13/2020 01:42:40 PM    Storing results to file
11/13/2020 01:42:40 PM    Storing results: HC200_104870
11/13/2020 01:42:40 PM    Skipping population structure-aware analyses.
11/13/2020 01:42:40 PM    Storing results to file
11/13/2020 01:42:40 PM    Storing results: HC50_4924
11/13/2020 01:42:40 PM    Skipping population structure-aware analyses.
11/13/2020 01:42:40 PM    Storing results to file
11/13/2020 01:42:40 PM    Storing results: HC50_1678
11/13/2020 01:42:40 PM    Skipping population structure-aware analyses.
11/13/2020 01:42:40 PM    Storing results to file
11/13/2020 01:42:40 PM    Storing results: HC50_25348
11/13/2020 01:42:40 PM    Skipping population structure-aware analyses.
11/13/2020 01:42:40 PM    Storing results to file
11/13/2020 01:42:40 PM    Storing results: HC50_90181
11/13/2020 01:42:40 PM    Skipping population structure-aware analyses.
11/13/2020 01:42:40 PM    Storing results to file
11/13/2020 01:42:40 PM    Storing results: HC50_15051
11/13/2020 01:42:40 PM    Skipping population structure-aware analyses.
11/13/2020 01:42:40 PM    Storing results to file
11/13/2020 01:42:40 PM    Storing results: HC50_1104
11/13/2020 01:42:40 PM    Skipping population structure-aware analyses.
11/13/2020 01:42:41 PM    Storing results to file
11/13/2020 01:42:41 PM    Storing results: HC50_1105
11/13/2020 01:42:41 PM    Skipping population structure-aware analyses.
11/13/2020 01:42:41 PM    Storing results to file
11/13/2020 01:42:41 PM    Storing results: HC50_1106
11/13/2020 01:42:41 PM    Skipping population structure-aware analyses.
11/13/2020 01:42:41 PM    Storing results to file
11/13/2020 01:42:41 PM    Storing results: HC50_1107
11/13/2020 01:42:41 PM    Skipping population structure-aware analyses.
11/13/2020 01:42:41 PM    Storing results to file
11/13/2020 01:42:41 PM    Storing results: HC50_1108
11/13/2020 01:42:41 PM    Skipping population structure-aware analyses.
11/13/2020 01:42:41 PM    Storing results to file
11/13/2020 01:42:41 PM    Storing results: HC50_25340
11/13/2020 01:42:41 PM    Skipping population structure-aware analyses.
11/13/2020 01:42:41 PM    Storing results to file
11/13/2020 01:42:41 PM    Storing results: HC50_73995
11/13/2020 01:42:41 PM    Skipping population structure-aware analyses.
11/13/2020 01:42:41 PM    Storing results to file
11/13/2020 01:42:41 PM    Storing results: HC50_6667
11/13/2020 01:42:41 PM    Skipping population structure-aware analyses.
11/13/2020 01:42:41 PM    Storing results to file
11/13/2020 01:42:41 PM    Storing results: HC50_8380
11/13/2020 01:42:41 PM    Skipping population structure-aware analyses.
11/13/2020 01:42:41 PM    Storing results to file
11/13/2020 01:42:41 PM    Storing results: HC200_80967
11/13/2020 01:42:41 PM    Skipping population structure-aware analyses.
11/13/2020 01:42:41 PM    Storing results to file
11/13/2020 01:42:41 PM    Storing results: Other.y
11/13/2020 01:42:41 PM    Skipping population structure-aware analyses.
11/13/2020 01:42:41 PM    Storing results to file
11/13/2020 01:42:41 PM    Storing results: HC50_9662
11/13/2020 01:42:41 PM    Skipping population structure-aware analyses.
11/13/2020 01:42:42 PM    Storing results to file
11/13/2020 01:42:42 PM    Storing results: HC50_36546
11/13/2020 01:42:42 PM    Skipping population structure-aware analyses.
11/13/2020 01:42:42 PM    Storing results to file
11/13/2020 01:42:42 PM    Storing results: HC50_45040
11/13/2020 01:42:42 PM    Skipping population structure-aware analyses.
11/13/2020 01:42:42 PM    Storing results to file
11/13/2020 01:42:42 PM    Storing results: HC50_2245
11/13/2020 01:42:42 PM    Skipping population structure-aware analyses.
11/13/2020 01:42:42 PM    Storing results to file
11/13/2020 01:42:42 PM    Storing results: HC50_45046
11/13/2020 01:42:42 PM    Skipping population structure-aware analyses.
11/13/2020 01:42:42 PM    Storing results to file
11/13/2020 01:42:42 PM    Storing results: HC50_36619
11/13/2020 01:42:42 PM    Skipping population structure-aware analyses.
11/13/2020 01:42:42 PM    Storing results to file
11/13/2020 01:42:42 PM    Storing results: HC50_25968
11/13/2020 01:42:42 PM    Skipping population structure-aware analyses.
11/13/2020 01:42:42 PM    Storing results to file
11/13/2020 01:42:42 PM    Storing results: HC50_55507
11/13/2020 01:42:42 PM    Skipping population structure-aware analyses.
11/13/2020 01:42:42 PM    Storing results to file
11/13/2020 01:42:42 PM    Storing results: HC50_28144
11/13/2020 01:42:42 PM    Skipping population structure-aware analyses.
11/13/2020 01:42:42 PM    Storing results to file
11/13/2020 01:42:42 PM    Storing results: HC50_56766
11/13/2020 01:42:42 PM    Skipping population structure-aware analyses.
11/13/2020 01:42:42 PM    Storing results to file
11/13/2020 01:42:42 PM    Storing results: HC50_28140
11/13/2020 01:42:42 PM    Skipping population structure-aware analyses.
11/13/2020 01:42:42 PM    Storing results to file
11/13/2020 01:42:42 PM    Storing results: HC50_66549
11/13/2020 01:42:42 PM    Skipping population structure-aware analyses.
11/13/2020 01:42:42 PM    Storing results to file
11/13/2020 01:42:42 PM    Storing results: HC200_28050
11/13/2020 01:42:42 PM    Skipping population structure-aware analyses.
11/13/2020 01:42:43 PM    Storing results to file
11/13/2020 01:42:43 PM    Storing results: HC50_56442
11/13/2020 01:42:43 PM    Skipping population structure-aware analyses.
11/13/2020 01:42:43 PM    Storing results to file
11/13/2020 01:42:43 PM    Storing results: HC50_104870
11/13/2020 01:42:43 PM    Skipping population structure-aware analyses.
11/13/2020 01:42:43 PM    Storing results to file
11/13/2020 01:42:43 PM    Storing results: HC50_90260
11/13/2020 01:42:43 PM    Skipping population structure-aware analyses.
11/13/2020 01:42:43 PM    Storing results to file
11/13/2020 01:42:43 PM    Storing results: Systemic
11/13/2020 01:42:43 PM    Skipping population structure-aware analyses.
11/13/2020 01:42:43 PM    Storing results to file
11/13/2020 01:42:43 PM    Storing results: HC50_8659
11/13/2020 01:42:43 PM    Skipping population structure-aware analyses.
11/13/2020 01:42:43 PM    Storing results to file
11/13/2020 01:42:43 PM    Storing results: HC50_90266
11/13/2020 01:42:43 PM    Skipping population structure-aware analyses.
11/13/2020 01:42:43 PM    Storing results to file
11/13/2020 01:42:43 PM    Storing results: HC50_36588
11/13/2020 01:42:43 PM    Skipping population structure-aware analyses.
11/13/2020 01:42:43 PM    Storing results to file
11/13/2020 01:42:43 PM    Storing results: HC50_45055
11/13/2020 01:42:43 PM    Skipping population structure-aware analyses.
11/13/2020 01:42:43 PM    Storing results to file
11/13/2020 01:42:43 PM    Storing results: HC50_45053
11/13/2020 01:42:43 PM    Skipping population structure-aware analyses.
11/13/2020 01:42:43 PM    Storing results to file
11/13/2020 01:42:43 PM    Storing results: HC50_135014
11/13/2020 01:42:43 PM    Skipping population structure-aware analyses.
11/13/2020 01:42:43 PM    Storing results to file
11/13/2020 01:42:43 PM    Storing results: HC50_45080
11/13/2020 01:42:43 PM    Skipping population structure-aware analyses.
11/13/2020 01:42:43 PM    Storing results to file
11/13/2020 01:42:43 PM    Storing results: HC50_90166
11/13/2020 01:42:44 PM    Skipping population structure-aware analyses.
11/13/2020 01:42:44 PM    Storing results to file
11/13/2020 01:42:44 PM    Storing results: Unknown
11/13/2020 01:42:44 PM    Skipping population structure-aware analyses.
11/13/2020 01:42:44 PM    Storing results to file
11/13/2020 01:42:44 PM    Storing results: HC50_60136
11/13/2020 01:42:44 PM    Skipping population structure-aware analyses.
11/13/2020 01:42:44 PM    Storing results to file
11/13/2020 01:42:44 PM    Storing results: HC50_90313
11/13/2020 01:42:44 PM    Skipping population structure-aware analyses.
11/13/2020 01:42:44 PM    Storing results to file
11/13/2020 01:42:44 PM    Storing results: HC50_1111
11/13/2020 01:42:44 PM    Skipping population structure-aware analyses.
11/13/2020 01:42:44 PM    Storing results to file
11/13/2020 01:42:44 PM    Storing results: HC200_133658
11/13/2020 01:42:44 PM    Skipping population structure-aware analyses.
11/13/2020 01:42:44 PM    Storing results to file
11/13/2020 01:42:44 PM    Storing results: HC50_3702
11/13/2020 01:42:44 PM    Skipping population structure-aware analyses.
11/13/2020 01:42:44 PM    Storing results to file
11/13/2020 01:42:44 PM    Storing results: HC50_8548
11/13/2020 01:42:44 PM    Skipping population structure-aware analyses.
11/13/2020 01:42:44 PM    Storing results to file
11/13/2020 01:42:44 PM    Storing results: HC50_8464
11/13/2020 01:42:44 PM    Skipping population structure-aware analyses.
11/13/2020 01:42:44 PM    Storing results to file
11/13/2020 01:42:44 PM    Storing results: HC50_74014
11/13/2020 01:42:44 PM    Skipping population structure-aware analyses.
11/13/2020 01:42:44 PM    Storing results to file
11/13/2020 01:42:44 PM    Storing results: HC50_11922
11/13/2020 01:42:44 PM    Skipping population structure-aware analyses.
11/13/2020 01:42:44 PM    Storing results to file
11/13/2020 01:42:44 PM    Storing results: HC50_42019
11/13/2020 01:42:44 PM    Skipping population structure-aware analyses.
11/13/2020 01:42:44 PM    Storing results to file
11/13/2020 01:42:44 PM    Storing results: HC50_28066
11/13/2020 01:42:45 PM    Skipping population structure-aware analyses.
11/13/2020 01:42:45 PM    Storing results to file
11/13/2020 01:42:45 PM    Storing results: HC50_8485
11/13/2020 01:42:45 PM    Skipping population structure-aware analyses.
11/13/2020 01:42:45 PM    Storing results to file
11/13/2020 01:42:45 PM    Storing results: HC50_100446
11/13/2020 01:42:45 PM    Skipping population structure-aware analyses.
11/13/2020 01:42:45 PM    Storing results to file
11/13/2020 01:42:45 PM    Storing results: HC50_12209
11/13/2020 01:42:45 PM    Skipping population structure-aware analyses.
11/13/2020 01:42:45 PM    Storing results to file
11/13/2020 01:42:45 PM    Storing results: HC50_21665
11/13/2020 01:42:45 PM    Skipping population structure-aware analyses.
11/13/2020 01:42:45 PM    Storing results to file
11/13/2020 01:42:45 PM    Storing results: HC50_12576
11/13/2020 01:42:45 PM    Skipping population structure-aware analyses.
11/13/2020 01:42:45 PM    Storing results to file
11/13/2020 01:42:45 PM    Storing results: HC50_8375
11/13/2020 01:42:45 PM    Skipping population structure-aware analyses.
11/13/2020 01:42:45 PM    Storing results to file
11/13/2020 01:42:45 PM    Storing results: HC50_130539
11/13/2020 01:42:45 PM    Skipping population structure-aware analyses.
11/13/2020 01:42:45 PM    Storing results to file
11/13/2020 01:42:45 PM    Storing results: HC50_130734
11/13/2020 01:42:45 PM    Skipping population structure-aware analyses.
11/13/2020 01:42:45 PM    Storing results to file
11/13/2020 01:42:45 PM    Storing results: HC50_9830
11/13/2020 01:42:45 PM    Skipping population structure-aware analyses.
11/13/2020 01:42:45 PM    Storing results to file
11/13/2020 01:42:45 PM    Storing results: HC50_11891
11/13/2020 01:42:45 PM    Skipping population structure-aware analyses.
11/13/2020 01:42:45 PM    Storing results to file
11/13/2020 01:42:45 PM    Storing results: HC50_8435
11/13/2020 01:42:45 PM    Skipping population structure-aware analyses.
11/13/2020 01:42:46 PM    Storing results to file
11/13/2020 01:42:46 PM    Storing results: HC50_27980
11/13/2020 01:42:46 PM    Skipping population structure-aware analyses.
11/13/2020 01:42:46 PM    Storing results to file
11/13/2020 01:42:46 PM    Storing results: HC50_12581
11/13/2020 01:42:46 PM    Skipping population structure-aware analyses.
11/13/2020 01:42:46 PM    Storing results to file
11/13/2020 01:42:46 PM    Storing results: HC50_56984
11/13/2020 01:42:46 PM    Skipping population structure-aware analyses.
11/13/2020 01:42:46 PM    Storing results to file
11/13/2020 01:42:46 PM    Storing results: HC50_23651
11/13/2020 01:42:46 PM    Skipping population structure-aware analyses.
11/13/2020 01:42:46 PM    Storing results to file
11/13/2020 01:42:46 PM    Storing results: HC50_9691
11/13/2020 01:42:46 PM    Skipping population structure-aware analyses.
11/13/2020 01:42:46 PM    Storing results to file
11/13/2020 01:42:46 PM    Storing results: HC50_55875
11/13/2020 01:42:46 PM    Skipping population structure-aware analyses.
11/13/2020 01:42:46 PM    Storing results to file
11/13/2020 01:42:46 PM    Storing results: HC50_134790
11/13/2020 01:42:46 PM    Skipping population structure-aware analyses.
11/13/2020 01:42:46 PM    Storing results to file
11/13/2020 01:42:46 PM    Storing results: HC200_1108
11/13/2020 01:42:46 PM    Skipping population structure-aware analyses.
11/13/2020 01:42:46 PM    Storing results to file
11/13/2020 01:42:46 PM    Storing results: HC50_8531
11/13/2020 01:42:46 PM    Skipping population structure-aware analyses.
11/13/2020 01:42:46 PM    Storing results to file
11/13/2020 01:42:46 PM    Storing results: HC50_3473
11/13/2020 01:42:46 PM    Skipping population structure-aware analyses.
11/13/2020 01:42:46 PM    Storing results to file
11/13/2020 01:42:46 PM    Storing results: HC200_1592
11/13/2020 01:42:46 PM    Skipping population structure-aware analyses.
11/13/2020 01:42:46 PM    Storing results to file
11/13/2020 01:42:46 PM    Storing results: Urine
11/13/2020 01:42:47 PM    Skipping population structure-aware analyses.
11/13/2020 01:42:47 PM    Storing results to file
11/13/2020 01:42:47 PM    Storing results: HC200_1104
11/13/2020 01:42:47 PM    Skipping population structure-aware analyses.
11/13/2020 01:42:47 PM    Storing results to file
11/13/2020 01:42:47 PM    Storing results: HC50_121272
11/13/2020 01:42:47 PM    Skipping population structure-aware analyses.
11/13/2020 01:42:47 PM    Storing results to file
11/13/2020 01:42:47 PM    Storing results: HC200_1111
11/13/2020 01:42:47 PM    Skipping population structure-aware analyses.
11/13/2020 01:42:47 PM    Storing results to file
11/13/2020 01:42:47 PM    Storing results: HC200_4252
11/13/2020 01:42:47 PM    Skipping population structure-aware analyses.
11/13/2020 01:42:47 PM    Storing results to file
11/13/2020 01:42:47 PM    Storing results: Human
11/13/2020 01:42:47 PM    Skipping population structure-aware analyses.
11/13/2020 01:42:47 PM    Storing results to file
11/13/2020 01:42:47 PM    Storing results: HC50_73996
11/13/2020 01:42:47 PM    Skipping population structure-aware analyses.
11/13/2020 01:42:47 PM    Storing results to file
11/13/2020 01:42:47 PM    Storing results: HC50_36352
11/13/2020 01:42:47 PM    Skipping population structure-aware analyses.
11/13/2020 01:42:47 PM    Storing results to file
11/13/2020 01:42:47 PM    Storing results: HC200_98164
11/13/2020 01:42:47 PM    Skipping population structure-aware analyses.
11/13/2020 01:42:47 PM    Storing results to file
11/13/2020 01:42:47 PM    Storing results: HC50_2219
11/13/2020 01:42:47 PM    Skipping population structure-aware analyses.
11/13/2020 01:42:47 PM    Storing results to file
11/13/2020 01:42:47 PM    Storing results: HC50_45131
11/13/2020 01:42:48 PM    Skipping population structure-aware analyses.
11/13/2020 01:42:48 PM    Storing results to file
11/13/2020 01:42:48 PM    Storing results: HC50_9381
11/13/2020 01:42:48 PM    Skipping population structure-aware analyses.
11/13/2020 01:42:48 PM    Storing results to file
11/13/2020 01:42:48 PM    Storing results: HC200_44
11/13/2020 01:42:48 PM    Skipping population structure-aware analyses.
11/13/2020 01:42:48 PM    Storing results to file
11/13/2020 01:42:48 PM    Storing results: HC50_66821
11/13/2020 01:42:48 PM    Skipping population structure-aware analyses.
11/13/2020 01:42:48 PM    Storing results to file
11/13/2020 01:42:48 PM    Storing results: HC50_55
11/13/2020 01:42:48 PM    Skipping population structure-aware analyses.
11/13/2020 01:42:48 PM    Storing results to file
11/13/2020 01:42:48 PM    Storing results: Environment
11/13/2020 01:42:48 PM    Skipping population structure-aware analyses.
11/13/2020 01:42:48 PM    Storing results to file
11/13/2020 01:42:48 PM    Storing results: HC50_9592
11/13/2020 01:42:48 PM    Skipping population structure-aware analyses.
11/13/2020 01:42:48 PM    Storing results to file
11/13/2020 01:42:48 PM    Storing results: HC50_45033
11/13/2020 01:42:48 PM    Skipping population structure-aware analyses.
11/13/2020 01:42:48 PM    Storing results to file
11/13/2020 01:42:48 PM    Storing results: HC50_45039
11/13/2020 01:42:48 PM    Skipping population structure-aware analyses.
11/13/2020 01:42:48 PM    Storing results to file
11/13/2020 01:42:48 PM    Storing results: HC50_135207
11/13/2020 01:42:48 PM    Skipping population structure-aware analyses.
11/13/2020 01:42:48 PM    Storing results to file
11/13/2020 01:42:48 PM    Storing results: HC50_28338
11/13/2020 01:42:48 PM    Skipping population structure-aware analyses.
11/13/2020 01:42:48 PM    Storing results to file
11/13/2020 01:42:48 PM    Storing results: HC50_4847
11/13/2020 01:42:49 PM    Skipping population structure-aware analyses.
11/13/2020 01:42:49 PM    Storing results to file
11/13/2020 01:42:49 PM    Storing results: HC50_40809
11/13/2020 01:42:49 PM    Skipping population structure-aware analyses.
11/13/2020 01:42:49 PM    Storing results to file
11/13/2020 01:42:49 PM    Storing results: HC50_22501
11/13/2020 01:42:49 PM    Skipping population structure-aware analyses.
11/13/2020 01:42:49 PM    Storing results to file
11/13/2020 01:42:49 PM    Storing results: Raw Chicken
11/13/2020 01:42:49 PM    Skipping population structure-aware analyses.
11/13/2020 01:42:49 PM    Storing results to file
11/13/2020 01:42:49 PM    Storing results: HC50_4283
11/13/2020 01:42:49 PM    Skipping population structure-aware analyses.
11/13/2020 01:42:49 PM    Storing results to file
11/13/2020 01:42:49 PM    Storing results: HC50_70040
11/13/2020 01:42:49 PM    Skipping population structure-aware analyses.
11/13/2020 01:42:49 PM    Storing results to file
11/13/2020 01:42:49 PM    Storing results: HC50_56981
11/13/2020 01:42:49 PM    Skipping population structure-aware analyses.
11/13/2020 01:42:49 PM    Storing results to file
11/13/2020 01:42:49 PM    Storing results: HC50_64698
11/13/2020 01:42:49 PM    Skipping population structure-aware analyses.
11/13/2020 01:42:49 PM    Storing results to file
11/13/2020 01:42:49 PM    Storing results: Environmental
11/13/2020 01:42:49 PM    Skipping population structure-aware analyses.
11/13/2020 01:42:49 PM    Storing results to file
11/13/2020 01:42:49 PM    Storing results: HC50_8620
11/13/2020 01:42:49 PM    Skipping population structure-aware analyses.
11/13/2020 01:42:49 PM    Storing results to file
11/13/2020 01:42:49 PM    Storing results: HC200_55
11/13/2020 01:42:49 PM    Skipping population structure-aware analyses.
11/13/2020 01:42:49 PM    Storing results to file
11/13/2020 01:42:49 PM    Storing results: HC50_70926
11/13/2020 01:42:50 PM    Skipping population structure-aware analyses.
11/13/2020 01:42:50 PM    Storing results to file
11/13/2020 01:42:50 PM    Storing results: HC50_27542
11/13/2020 01:42:50 PM    Skipping population structure-aware analyses.
11/13/2020 01:42:50 PM    Storing results to file
11/13/2020 01:42:50 PM    Storing results: Flora
11/13/2020 01:42:50 PM    Skipping population structure-aware analyses.
11/13/2020 01:42:50 PM    Storing results to file
11/13/2020 01:42:50 PM    Storing results: HC50_11755
11/13/2020 01:42:50 PM    Skipping population structure-aware analyses.
11/13/2020 01:42:50 PM    Storing results to file
11/13/2020 01:42:50 PM    Storing results: HC50_130437
11/13/2020 01:42:50 PM    Skipping population structure-aware analyses.
11/13/2020 01:42:50 PM    Storing results to file
11/13/2020 01:42:50 PM    Storing results: HC50_1680
11/13/2020 01:42:50 PM    Skipping population structure-aware analyses.
11/13/2020 01:42:50 PM    Storing results to file
11/13/2020 01:42:50 PM    Storing results: HC50_130612
11/13/2020 01:42:50 PM    Skipping population structure-aware analyses.
11/13/2020 01:42:50 PM    Storing results to file
11/13/2020 01:42:50 PM    Storing results: HC50_30978
11/13/2020 01:42:50 PM    Skipping population structure-aware analyses.
11/13/2020 01:42:50 PM    Storing results to file
11/13/2020 01:42:50 PM    Storing results: NA
11/13/2020 01:42:50 PM    Skipping population structure-aware analyses.
11/13/2020 01:42:50 PM    Storing results to file
11/13/2020 01:42:50 PM    Storing results: HC50_4252
11/13/2020 01:42:50 PM    Skipping population structure-aware analyses.
11/13/2020 01:42:50 PM    Storing results to file
11/13/2020 01:42:50 PM    Storing results: HC50_104600
11/13/2020 01:42:50 PM    Skipping population structure-aware analyses.
11/13/2020 01:42:50 PM    Storing results to file
11/13/2020 01:42:50 PM    Storing results: HC50_130590
11/13/2020 01:42:51 PM    Skipping population structure-aware analyses.
11/13/2020 01:42:51 PM    Storing results to file
11/13/2020 01:42:51 PM    Storing results: HC50_57083
11/13/2020 01:42:51 PM    Skipping population structure-aware analyses.
11/13/2020 01:42:51 PM    Storing results to file
11/13/2020 01:42:51 PM    Storing results: HC50_9916
11/13/2020 01:42:51 PM    Skipping population structure-aware analyses.
11/13/2020 01:42:51 PM    Storing results to file
11/13/2020 01:42:51 PM    Storing results: HC50_72906
11/13/2020 01:42:51 PM    Skipping population structure-aware analyses.
11/13/2020 01:42:51 PM    Storing results to file
11/13/2020 01:42:51 PM    Storing results: HC50_5077
11/13/2020 01:42:51 PM    Skipping population structure-aware analyses.
11/13/2020 01:42:51 PM    Storing results to file
11/13/2020 01:42:51 PM    Storing results: HC50_9859
11/13/2020 01:42:51 PM    Skipping population structure-aware analyses.
11/13/2020 01:42:51 PM    Storing results to file
11/13/2020 01:42:51 PM    Storing results: HC50_11862
11/13/2020 01:42:51 PM    Skipping population structure-aware analyses.
11/13/2020 01:42:51 PM    Storing results to file
11/13/2020 01:42:51 PM    Storing results: Other.x
11/13/2020 01:42:51 PM    Skipping population structure-aware analyses.
11/13/2020 01:42:51 PM    Storing results to file
11/13/2020 01:42:51 PM    Storing results: HC50_8589
11/13/2020 01:42:51 PM    Skipping population structure-aware analyses.
11/13/2020 01:42:51 PM    Storing results to file
11/13/2020 01:42:51 PM    Storing results: HC50_25485
11/13/2020 01:42:51 PM    Skipping population structure-aware analyses.
11/13/2020 01:42:51 PM    Storing results to file
11/13/2020 01:42:51 PM    Storing results: HC50_8617
11/13/2020 01:42:51 PM    Skipping population structure-aware analyses.
11/13/2020 01:42:51 PM    Storing results to file
11/13/2020 01:42:51 PM    Storing results: HC50_4076
11/13/2020 01:42:51 PM    Skipping population structure-aware analyses.
11/13/2020 01:42:51 PM    Storing results to file
11/13/2020 01:42:51 PM    Storing results: HC50_36470
11/13/2020 01:42:52 PM    Skipping population structure-aware analyses.
11/13/2020 01:42:52 PM    Storing results to file
11/13/2020 01:42:52 PM    Storing results: HC50_12089
11/13/2020 01:42:52 PM    Skipping population structure-aware analyses.
11/13/2020 01:42:52 PM    Storing results to file
11/13/2020 01:42:52 PM    Storing results: HC50_28118
11/13/2020 01:42:52 PM    Skipping population structure-aware analyses.
11/13/2020 01:42:52 PM    Storing results to file
11/13/2020 01:42:52 PM    Storing results: HC50_8533
11/13/2020 01:42:52 PM    Skipping population structure-aware analyses.
11/13/2020 01:42:52 PM    Storing results to file
11/13/2020 01:42:52 PM    Storing results: HC50_87252
11/13/2020 01:42:52 PM    Skipping population structure-aware analyses.
11/13/2020 01:42:52 PM    Storing results to file
11/13/2020 01:42:52 PM    Storing results: HC50_80967
11/13/2020 01:42:52 PM    Skipping population structure-aware analyses.
11/13/2020 01:42:52 PM    Storing results to file
11/13/2020 01:42:52 PM    Storing results: HC50_89933
11/13/2020 01:42:52 PM    Skipping population structure-aware analyses.
11/13/2020 01:42:52 PM    Storing results to file
11/13/2020 01:42:52 PM    Storing results: HC50_104459
11/13/2020 01:42:52 PM    Skipping population structure-aware analyses.
11/13/2020 01:42:52 PM    Storing results to file
11/13/2020 01:42:52 PM    Storing results: HC50_15036
11/13/2020 01:42:52 PM    Skipping population structure-aware analyses.
11/13/2020 01:42:52 PM    Storing results to file
11/13/2020 01:42:52 PM    Storing results: HC50_9679
11/13/2020 01:42:52 PM    Skipping population structure-aware analyses.
11/13/2020 01:42:52 PM    Storing results to file
11/13/2020 01:42:52 PM    Storing results: HC50_25852
11/13/2020 01:42:52 PM    Skipping population structure-aware analyses.
11/13/2020 01:42:52 PM    Storing results to file
11/13/2020 01:42:52 PM    Storing results: HC50_119531
11/13/2020 01:42:52 PM    Skipping population structure-aware analyses.
11/13/2020 01:42:52 PM    Storing results to file
11/13/2020 01:42:52 PM    Storing results: HC50_90186
11/13/2020 01:42:53 PM    Skipping population structure-aware analyses.
11/13/2020 01:42:53 PM    Storing results to file
11/13/2020 01:42:53 PM    Storing results: HC50_26607
11/13/2020 01:42:53 PM    Skipping population structure-aware analyses.
11/13/2020 01:42:53 PM    Storing results to file
11/13/2020 01:42:53 PM    Storing results: HC50_8510
11/13/2020 01:42:53 PM    Skipping population structure-aware analyses.
11/13/2020 01:42:53 PM    Storing results to file
11/13/2020 01:42:53 PM    Storing results: HC200_6624
11/13/2020 01:42:53 PM    Skipping population structure-aware analyses.
11/13/2020 01:42:53 PM    Storing results to file
11/13/2020 01:42:53 PM    Storing results: HC50_45090
11/13/2020 01:42:53 PM    Skipping population structure-aware analyses.
11/13/2020 01:42:53 PM    Storing results to file
11/13/2020 01:42:53 PM    Storing results: HC50_56651
11/13/2020 01:42:53 PM    Skipping population structure-aware analyses.
11/13/2020 01:42:53 PM    Storing results to file
11/13/2020 01:42:53 PM    Storing results: HC200_70040
11/13/2020 01:42:53 PM    Skipping population structure-aware analyses.
11/13/2020 01:42:53 PM    Storing results to file
11/13/2020 01:42:53 PM    Storing results: HC50_30904
11/13/2020 01:42:53 PM    Skipping population structure-aware analyses.
11/13/2020 01:42:53 PM    Storing results to file
11/13/2020 01:42:53 PM    Storing results: HC50_25798
11/13/2020 01:42:53 PM    Skipping population structure-aware analyses.
11/13/2020 01:42:53 PM    Storing results to file
11/13/2020 01:42:53 PM    Storing results: HC50_74050
11/13/2020 01:42:53 PM    Skipping population structure-aware analyses.
11/13/2020 01:42:53 PM    Storing results to file
11/13/2020 01:42:53 PM    Storing results: HC50_54426
11/13/2020 01:42:53 PM    Skipping population structure-aware analyses.
11/13/2020 01:42:53 PM    Storing results to file
11/13/2020 01:42:53 PM    Storing results: HC50_31492
11/13/2020 01:42:53 PM    Skipping population structure-aware analyses.
11/13/2020 01:42:53 PM    Storing results to file
11/13/2020 01:42:53 PM    Storing results: HC200_23651
11/13/2020 01:42:54 PM    Skipping population structure-aware analyses.
11/13/2020 01:42:54 PM    Storing results to file
11/13/2020 01:42:54 PM    Storing results: Bovine
11/13/2020 01:42:54 PM    Skipping population structure-aware analyses.
11/13/2020 01:42:54 PM    Storing results to file
11/13/2020 01:42:54 PM    Storing results: Poultry
11/13/2020 01:42:54 PM    Skipping population structure-aware analyses.
11/13/2020 01:42:54 PM    Storing results to file
11/13/2020 01:42:54 PM    Storing results: HC50_45067
11/13/2020 01:42:54 PM    Skipping population structure-aware analyses.
11/13/2020 01:42:54 PM    Storing results to file
11/13/2020 01:42:54 PM    Storing results: HC50_89447
11/13/2020 01:42:54 PM    Skipping population structure-aware analyses.
11/13/2020 01:42:54 PM    Storing results to file
11/13/2020 01:42:54 PM    Storing results: HC50_133658
11/13/2020 01:42:54 PM    Skipping population structure-aware analyses.
11/13/2020 01:42:54 PM    Storing results to file
11/13/2020 01:42:54 PM    Storing results: HC50_129776
11/13/2020 01:42:54 PM    Skipping population structure-aware analyses.
11/13/2020 01:42:54 PM    Storing results to file
11/13/2020 01:42:54 PM    Storing results: HC50_44
11/13/2020 01:42:54 PM    Skipping population structure-aware analyses.
11/13/2020 01:42:54 PM    Storing results to file
11/13/2020 01:42:54 PM    Storing results: HC50_56399
11/13/2020 01:42:54 PM    Skipping population structure-aware analyses.
11/13/2020 01:42:54 PM    Storing results to file
11/13/2020 01:42:54 PM    Storing results: HC200_8375
11/13/2020 01:42:54 PM    Skipping population structure-aware analyses.
11/13/2020 01:42:54 PM    Storing results to file
11/13/2020 01:42:54 PM    Storing results: HC50_25297
11/13/2020 01:42:54 PM    Skipping population structure-aware analyses.
11/13/2020 01:42:54 PM    Storing results to file
11/13/2020 01:42:54 PM    Storing results: HC50_45091
11/13/2020 01:42:54 PM    Skipping population structure-aware analyses.
11/13/2020 01:42:55 PM    Storing results to file
11/13/2020 01:42:55 PM    Storing results: HC50_1661
11/13/2020 01:42:55 PM    Skipping population structure-aware analyses.
11/13/2020 01:42:55 PM    Storing results to file
11/13/2020 01:42:55 PM    Storing results: HC50_6748
11/13/2020 01:42:55 PM    Skipping population structure-aware analyses.
11/13/2020 01:42:55 PM    Storing results to file
11/13/2020 01:42:55 PM    Storing results: HC50_1592
11/13/2020 01:42:55 PM    Skipping population structure-aware analyses.
11/13/2020 01:42:55 PM    Storing results to file
11/13/2020 01:42:55 PM    Storing results: HC50_117102
11/13/2020 01:42:55 PM    Skipping population structure-aware analyses.
11/13/2020 01:42:55 PM    Storing results to file
11/13/2020 01:42:55 PM    Storing results: HC50_6740
11/13/2020 01:42:55 PM    Skipping population structure-aware analyses.
11/13/2020 01:42:55 PM    Storing results to file
11/13/2020 01:42:55 PM    Storing results: HC50_123575
11/13/2020 01:42:55 PM    Skipping population structure-aware analyses.
11/13/2020 01:42:55 PM    Storing results to file
11/13/2020 01:42:55 PM    Storing results: HC50_81463
11/13/2020 01:42:55 PM    Skipping population structure-aware analyses.
11/13/2020 01:42:55 PM    Storing results to file
11/13/2020 01:42:55 PM    Storing results: HC50_87098
11/13/2020 01:42:55 PM    Skipping population structure-aware analyses.
11/13/2020 01:42:55 PM    Storing results to file
11/13/2020 01:42:55 PM    Storing results: Canine
11/13/2020 01:42:55 PM    Skipping population structure-aware analyses.
11/13/2020 01:42:55 PM    Storing results to file
11/13/2020 01:42:55 PM    Storing results: HC50_130683
11/13/2020 01:42:55 PM    Skipping population structure-aware analyses.
11/13/2020 01:42:55 PM    Storing results to file
11/13/2020 01:42:55 PM    Storing results: HC50_119136
11/13/2020 01:42:55 PM    Skipping population structure-aware analyses.
11/13/2020 01:42:55 PM    Storing results to file
11/13/2020 01:42:56 PM    Storing results: HC50_130565
11/13/2020 01:42:56 PM    Skipping population structure-aware analyses.
11/13/2020 01:42:56 PM    Storing results to file
11/13/2020 01:42:56 PM    Storing results: HC50_26088
11/13/2020 01:42:56 PM    Skipping population structure-aware analyses.
11/13/2020 01:42:56 PM    Storing results to file
11/13/2020 01:42:56 PM    Storing results: HC50_28050
11/13/2020 01:42:56 PM    Skipping population structure-aware analyses.
11/13/2020 01:42:56 PM    Storing results to file
11/13/2020 01:42:56 PM    

11/13/2020 01:42:56 PM    ==== Finished ====
11/13/2020 01:42:56 PM    Checked a total of 24610 genes for associations to 196 trait(s). Total time used: 7470 seconds.
11/13/2020 01:42:56 PM    No warnings were recorded.
